<?xml version="1.0" encoding="UTF-8"?>
<!-- Generated by org.testng.reporters.JUnitReportReporter -->
<testsuite hostname="Akash" failures="0" tests="1" name="testPackage.TestClass" time="23.048" errors="0" timestamp="2024-12-25T18:37:01 IST" skipped="0">
  <testcase classname="testPackage.TestClass" name="practiceFormTest" time="23.048"/>
</testsuite> <!-- testPackage.TestClass -->
